2022-01-20 03:23:08,503:INFO:PyCaret Supervised Module
2022-01-20 03:23:08,503:INFO:ML Usecase: anomaly
2022-01-20 03:23:08,503:INFO:version 2.3.6
2022-01-20 03:23:08,503:INFO:Initializing setup()
2022-01-20 03:23:08,503:INFO:setup(target=None, ml_usecase=anomaly, available_plots={'tsne': 'Anomaly TSnE (3d)', 'umap': 'UMAP Dimensionality'}, train_size=0.7, test_data=None, preprocess=True, imputation_type=simple, iterative_imputation_iters=5, categorical_features=None, categorical_imputation=mode, categorical_iterative_imputer=lightgbm, ordinal_features=None, high_cardinality_features=None, high_cardinality_method=frequency, numeric_features=None, numeric_imputation=mean, numeric_iterative_imputer=lightgbm, date_features=None, ignore_features=['MouseID'], normalize=True, normalize_method=zscore, transformation=False, transformation_method=yeo-johnson, handle_unknown_categorical=True, unknown_categorical_method=least_frequent, pca=False, pca_method=linear, pca_components=None, ignore_low_variance=False, combine_rare_levels=False, rare_level_threshold=0.1, bin_numeric_features=None, remove_outliers=False, outliers_threshold=0.05, remove_multicollinearity=False, multicollinearity_threshold=0.9, remove_perfect_collinearity=False, create_clusters=False, cluster_iter=20, polynomial_features=False, polynomial_degree=2, trigonometry_features=False, polynomial_threshold=0.1, group_features=None, group_names=None, feature_selection=False, feature_selection_threshold=0.8, feature_selection_method=classic, feature_interaction=False, feature_ratio=False, interaction_threshold=0.01, fix_imbalance=False, fix_imbalance_method=None, transform_target=False, transform_target_method=box-cox, data_split_shuffle=False, data_split_stratify=False, fold_strategy=kfold, fold=10, fold_shuffle=False, fold_groups=None, n_jobs=-1, use_gpu=False, custom_pipeline=None, html=True, session_id=123, log_experiment=False, experiment_name=None, log_plots=False, log_profile=False, log_data=False, silent=False, verbose=True, profile=False, profile_kwargs=None, display=None)
2022-01-20 03:23:08,503:INFO:Checking environment
2022-01-20 03:23:08,503:INFO:python_version: 3.7.9
2022-01-20 03:23:08,503:INFO:python_build: ('default', 'Nov 17 2021 03:51:47')
2022-01-20 03:23:08,503:INFO:machine: x86_64
2022-01-20 03:23:08,503:INFO:platform: Linux-5.11.0-1025-aws-x86_64-with-debian-bullseye-sid
2022-01-20 03:23:08,503:WARNING:cannot find psutil installation. memory not traceable. Install psutil using pip to enable memory logging.
2022-01-20 03:23:08,503:INFO:Checking libraries
2022-01-20 03:23:08,503:INFO:pd==1.2.5
2022-01-20 03:23:08,503:INFO:numpy==1.19.5
2022-01-20 03:23:08,503:INFO:sklearn==0.23.2
2022-01-20 03:23:08,503:INFO:lightgbm==3.3.2
2022-01-20 03:23:08,504:WARNING:catboost not found
2022-01-20 03:23:08,504:WARNING:xgboost not found
2022-01-20 03:23:08,748:INFO:mlflow==1.23.0
2022-01-20 03:23:08,748:INFO:Checking Exceptions
2022-01-20 03:23:08,748:INFO:Declaring global variables
2022-01-20 03:23:08,748:INFO:USI: 7aba
2022-01-20 03:23:08,748:INFO:pycaret_globals: {'seed', 'pycaret_globals', 'data_before_preprocess', 'html_param', 'gpu_param', 'master_model_container', 'imputation_classifier', 'log_plots_param', 'imputation_regressor', 'fix_imbalance_method_param', 'transform_target_param', 'X', 'experiment__', 'fix_imbalance_param', 'fold_param', '_all_models', '_gpu_n_jobs_param', 'prep_pipe', 'exp_name_log', '_ml_usecase', 'stratify_param', 'transform_target_method_param', 'logging_param', 'USI', 'target_param', '_internal_pipeline', '_available_plots', 'n_jobs_param', 'fold_shuffle_param', 'display_container', 'create_model_container', '_all_models_internal', 'fold_groups_param_full', 'fold_groups_param', 'iterative_imputation_iters_param', '_all_metrics', 'fold_generator'}
2022-01-20 03:23:08,748:INFO:Preparing display monitor
2022-01-20 03:23:08,748:INFO:Preparing display monitor
2022-01-20 03:23:08,763:INFO:Importing libraries
2022-01-20 03:23:08,763:INFO:Copying data for preprocessing
2022-01-20 03:23:08,772:INFO:Declaring preprocessing parameters
2022-01-20 03:23:08,775:INFO:Creating preprocessing pipeline
2022-01-20 03:23:08,804:INFO:Preprocessing pipeline created successfully
2022-01-20 03:23:08,804:ERROR:(Process Exit): setup has been interupted with user command 'quit'. setup must rerun.
2022-01-20 03:23:08,805:INFO:Creating global containers
2022-01-20 03:23:08,805:INFO:Internal pipeline: Pipeline(memory=None, steps=[('empty_step', 'passthrough')], verbose=False)
2022-01-20 03:23:49,895:INFO:Creating grid variables
2022-01-20 03:23:49,913:INFO:create_model_container: 0
2022-01-20 03:23:49,913:INFO:master_model_container: 0
2022-01-20 03:23:49,913:INFO:display_container: 1
2022-01-20 03:23:49,919:INFO:Pipeline(memory=None,
         steps=[('dtypes',
                 DataTypes_Auto_infer(categorical_features=[],
                                      display_types=True,
                                      features_todrop=['MouseID'],
                                      id_columns=[], ml_usecase='regression',
                                      numerical_features=[],
                                      target='UNSUPERVISED_DUMMY_TARGET',
                                      time_features=[])),
                ('imputer',
                 Simple_Imputer(categorical_strategy='most frequent',
                                fill_value_categorical=None,
                                fill_value_numer...
                ('P_transform', 'passthrough'), ('binn', 'passthrough'),
                ('rem_outliers', 'passthrough'), ('cluster_all', 'passthrough'),
                ('dummy', Dummify(target='UNSUPERVISED_DUMMY_TARGET')),
                ('fix_perfect', 'passthrough'),
                ('clean_names', Clean_Colum_Names()),
                ('feature_select', 'passthrough'), ('fix_multi', 'passthrough'),
                ('dfs', 'passthrough'), ('pca', 'passthrough')],
         verbose=False)
2022-01-20 03:23:49,919:INFO:setup() succesfully completed......................................
2022-01-20 03:33:41,759:INFO:Initializing create_model()
2022-01-20 03:33:41,759:INFO:create_model(estimator=iforest, num_clusters=4, fraction=0.05, ground_truth=None, round=4, fit_kwargs=None, verbose=True, system=True, add_to_model_list=True, raise_num_clusters=False, display=None, kwargs={})
2022-01-20 03:33:41,759:INFO:Checking exceptions
2022-01-20 03:33:41,759:INFO:Preparing display monitor
2022-01-20 03:33:41,774:INFO:Importing libraries
2022-01-20 03:33:41,782:INFO:Importing untrained model
2022-01-20 03:33:41,790:INFO:Isolation Forest Imported succesfully
2022-01-20 03:33:41,799:INFO:Fitting Model
2022-01-20 03:33:42,305:INFO:IForest(behaviour='new', bootstrap=False, contamination=0.05,
    max_features=1.0, max_samples='auto', n_estimators=100, n_jobs=-1,
    random_state=123, verbose=0)
2022-01-20 03:33:42,305:INFO:create_models() succesfully completed......................................
2022-01-20 03:33:42,305:INFO:Uploading results into container
2022-01-20 03:33:42,306:INFO:Uploading model into container now
2022-01-20 03:33:42,307:INFO:create_model_container: 1
2022-01-20 03:33:42,307:INFO:master_model_container: 1
2022-01-20 03:33:42,307:INFO:display_container: 2
2022-01-20 03:33:42,307:INFO:IForest(behaviour='new', bootstrap=False, contamination=0.05,
    max_features=1.0, max_samples='auto', n_estimators=100, n_jobs=-1,
    random_state=123, verbose=0)
2022-01-20 03:33:42,307:INFO:create_model() succesfully completed......................................
2022-01-20 03:34:35,476:INFO:Initializing create_model()
2022-01-20 03:34:35,477:INFO:create_model(estimator=iforest, num_clusters=4, fraction=0.05, ground_truth=None, round=4, fit_kwargs=None, verbose=True, system=True, add_to_model_list=True, raise_num_clusters=False, display=None, kwargs={})
2022-01-20 03:34:35,477:INFO:Checking exceptions
2022-01-20 03:34:35,477:INFO:Preparing display monitor
2022-01-20 03:34:35,493:INFO:Importing libraries
2022-01-20 03:34:35,501:INFO:Importing untrained model
2022-01-20 03:34:35,510:INFO:Isolation Forest Imported succesfully
2022-01-20 03:34:35,519:INFO:Fitting Model
2022-01-20 03:34:36,023:INFO:IForest(behaviour='new', bootstrap=False, contamination=0.05,
    max_features=1.0, max_samples='auto', n_estimators=100, n_jobs=-1,
    random_state=123, verbose=0)
2022-01-20 03:34:36,024:INFO:create_models() succesfully completed......................................
2022-01-20 03:34:36,024:INFO:Uploading results into container
2022-01-20 03:34:36,025:INFO:Uploading model into container now
2022-01-20 03:34:36,026:INFO:create_model_container: 2
2022-01-20 03:34:36,026:INFO:master_model_container: 2
2022-01-20 03:34:36,026:INFO:display_container: 3
2022-01-20 03:34:36,026:INFO:IForest(behaviour='new', bootstrap=False, contamination=0.05,
    max_features=1.0, max_samples='auto', n_estimators=100, n_jobs=-1,
    random_state=123, verbose=0)
2022-01-20 03:34:36,026:INFO:create_model() succesfully completed......................................
2022-01-20 03:34:39,158:INFO:Initializing create_model()
2022-01-20 03:34:39,159:INFO:create_model(estimator=iforest, num_clusters=4, fraction=0.05, ground_truth=None, round=4, fit_kwargs=None, verbose=True, system=True, add_to_model_list=True, raise_num_clusters=False, display=None, kwargs={})
2022-01-20 03:34:39,159:INFO:Checking exceptions
2022-01-20 03:34:39,159:INFO:Preparing display monitor
2022-01-20 03:34:39,174:INFO:Importing libraries
2022-01-20 03:34:39,182:INFO:Importing untrained model
2022-01-20 03:34:39,191:INFO:Isolation Forest Imported succesfully
2022-01-20 03:34:39,200:INFO:Fitting Model
2022-01-20 03:34:39,709:INFO:IForest(behaviour='new', bootstrap=False, contamination=0.05,
    max_features=1.0, max_samples='auto', n_estimators=100, n_jobs=-1,
    random_state=123, verbose=0)
2022-01-20 03:34:39,709:INFO:create_models() succesfully completed......................................
2022-01-20 03:34:39,710:INFO:Uploading results into container
2022-01-20 03:34:39,710:INFO:Uploading model into container now
2022-01-20 03:34:39,711:INFO:create_model_container: 3
2022-01-20 03:34:39,711:INFO:master_model_container: 3
2022-01-20 03:34:39,711:INFO:display_container: 4
2022-01-20 03:34:39,712:INFO:IForest(behaviour='new', bootstrap=False, contamination=0.05,
    max_features=1.0, max_samples='auto', n_estimators=100, n_jobs=-1,
    random_state=123, verbose=0)
2022-01-20 03:34:39,712:INFO:create_model() succesfully completed......................................
2022-01-20 03:38:36,981:INFO:Initializing create_model()
2022-01-20 03:38:36,982:INFO:create_model(estimator=svm, num_clusters=4, fraction=0.025, ground_truth=None, round=4, fit_kwargs=None, verbose=True, system=True, add_to_model_list=True, raise_num_clusters=False, display=None, kwargs={})
2022-01-20 03:38:36,982:INFO:Checking exceptions
2022-01-20 03:38:36,982:INFO:Preparing display monitor
2022-01-20 03:38:36,997:INFO:Importing libraries
2022-01-20 03:38:37,005:INFO:Importing untrained model
2022-01-20 03:38:37,014:INFO:One-class SVM detector Imported succesfully
2022-01-20 03:38:37,023:INFO:Fitting Model
2022-01-20 03:38:37,184:INFO:OCSVM(cache_size=200, coef0=0.0, contamination=0.025, degree=3, gamma='auto',
   kernel='rbf', max_iter=-1, nu=0.5, shrinking=True, tol=0.001,
   verbose=False)
2022-01-20 03:38:37,184:INFO:create_models() succesfully completed......................................
2022-01-20 03:38:37,185:INFO:Uploading results into container
2022-01-20 03:38:37,185:INFO:Uploading model into container now
2022-01-20 03:38:37,186:INFO:create_model_container: 4
2022-01-20 03:38:37,187:INFO:master_model_container: 4
2022-01-20 03:38:37,187:INFO:display_container: 5
2022-01-20 03:38:37,187:INFO:OCSVM(cache_size=200, coef0=0.0, contamination=0.025, degree=3, gamma='auto',
   kernel='rbf', max_iter=-1, nu=0.5, shrinking=True, tol=0.001,
   verbose=False)
2022-01-20 03:38:37,187:INFO:create_model() succesfully completed......................................
2022-01-20 03:38:50,477:INFO:gpu_param set to False
2022-01-20 05:22:34,638:INFO:Initializing assign_model()
2022-01-20 05:22:34,639:INFO:assign_model(model=IForest(behaviour='new', bootstrap=False, contamination=0.05,
    max_features=1.0, max_samples='auto', n_estimators=100, n_jobs=-1,
    random_state=123, verbose=0), transformation=False, score=True, verbose=True)
2022-01-20 05:22:34,639:INFO:Checking exceptions
2022-01-20 05:22:34,639:INFO:Determining Trained Model
2022-01-20 05:22:34,639:INFO:Trained Model : Isolation Forest
2022-01-20 05:22:34,640:INFO:Copying data
2022-01-20 05:22:34,661:INFO:(1026, 84)
2022-01-20 05:22:34,661:INFO:assign_model() succesfully completed......................................
2022-01-20 05:25:10,097:INFO:Initializing create_model()
2022-01-20 05:25:10,097:INFO:create_model(estimator=iforest, num_clusters=4, fraction=0.025, ground_truth=None, round=4, fit_kwargs=None, verbose=True, system=True, add_to_model_list=True, raise_num_clusters=False, display=None, kwargs={})
2022-01-20 05:25:10,097:INFO:Checking exceptions
2022-01-20 05:25:10,097:INFO:Preparing display monitor
2022-01-20 05:25:10,114:INFO:Importing libraries
2022-01-20 05:25:10,128:INFO:Importing untrained model
2022-01-20 05:25:10,136:INFO:Isolation Forest Imported succesfully
2022-01-20 05:25:10,146:INFO:Fitting Model
2022-01-20 05:25:10,661:INFO:IForest(behaviour='new', bootstrap=False, contamination=0.025,
    max_features=1.0, max_samples='auto', n_estimators=100, n_jobs=-1,
    random_state=123, verbose=0)
2022-01-20 05:25:10,661:INFO:create_models() succesfully completed......................................
2022-01-20 05:25:10,662:INFO:Uploading results into container
2022-01-20 05:25:10,663:INFO:Uploading model into container now
2022-01-20 05:25:10,663:INFO:create_model_container: 5
2022-01-20 05:25:10,664:INFO:master_model_container: 5
2022-01-20 05:25:10,664:INFO:display_container: 6
2022-01-20 05:25:10,664:INFO:IForest(behaviour='new', bootstrap=False, contamination=0.025,
    max_features=1.0, max_samples='auto', n_estimators=100, n_jobs=-1,
    random_state=123, verbose=0)
2022-01-20 05:25:10,664:INFO:create_model() succesfully completed......................................
2022-01-20 05:25:15,419:INFO:Initializing assign_model()
2022-01-20 05:25:15,419:INFO:assign_model(model=IForest(behaviour='new', bootstrap=False, contamination=0.025,
    max_features=1.0, max_samples='auto', n_estimators=100, n_jobs=-1,
    random_state=123, verbose=0), transformation=False, score=True, verbose=True)
2022-01-20 05:25:15,419:INFO:Checking exceptions
2022-01-20 05:25:15,420:INFO:Determining Trained Model
2022-01-20 05:25:15,420:INFO:Trained Model : Isolation Forest
2022-01-20 05:25:15,420:INFO:Copying data
2022-01-20 05:25:15,422:INFO:(1026, 84)
2022-01-20 05:25:15,422:INFO:assign_model() succesfully completed......................................
2022-01-20 05:26:22,515:INFO:Initializing create_model()
2022-01-20 05:26:22,515:INFO:create_model(estimator=iforest, num_clusters=4, fraction=0.05, ground_truth=None, round=4, fit_kwargs=None, verbose=True, system=True, add_to_model_list=True, raise_num_clusters=False, display=None, kwargs={})
2022-01-20 05:26:22,515:INFO:Checking exceptions
2022-01-20 05:26:22,516:INFO:Preparing display monitor
2022-01-20 05:26:22,530:INFO:Importing libraries
2022-01-20 05:26:22,538:INFO:Importing untrained model
2022-01-20 05:26:22,546:INFO:Isolation Forest Imported succesfully
2022-01-20 05:26:22,554:INFO:Fitting Model
2022-01-20 05:26:23,061:INFO:IForest(behaviour='new', bootstrap=False, contamination=0.05,
    max_features=1.0, max_samples='auto', n_estimators=100, n_jobs=-1,
    random_state=123, verbose=0)
2022-01-20 05:26:23,061:INFO:create_models() succesfully completed......................................
2022-01-20 05:26:23,062:INFO:Uploading results into container
2022-01-20 05:26:23,062:INFO:Uploading model into container now
2022-01-20 05:26:23,063:INFO:create_model_container: 6
2022-01-20 05:26:23,063:INFO:master_model_container: 6
2022-01-20 05:26:23,063:INFO:display_container: 7
2022-01-20 05:26:23,064:INFO:IForest(behaviour='new', bootstrap=False, contamination=0.05,
    max_features=1.0, max_samples='auto', n_estimators=100, n_jobs=-1,
    random_state=123, verbose=0)
2022-01-20 05:26:23,064:INFO:create_model() succesfully completed......................................
2022-01-20 05:26:25,665:INFO:Initializing assign_model()
2022-01-20 05:26:25,666:INFO:assign_model(model=IForest(behaviour='new', bootstrap=False, contamination=0.05,
    max_features=1.0, max_samples='auto', n_estimators=100, n_jobs=-1,
    random_state=123, verbose=0), transformation=False, score=True, verbose=True)
2022-01-20 05:26:25,666:INFO:Checking exceptions
2022-01-20 05:26:25,666:INFO:Determining Trained Model
2022-01-20 05:26:25,666:INFO:Trained Model : Isolation Forest
2022-01-20 05:26:25,666:INFO:Copying data
2022-01-20 05:26:25,668:INFO:(1026, 84)
2022-01-20 05:26:25,669:INFO:assign_model() succesfully completed......................................
2022-01-20 05:30:22,965:INFO:Initializing plot_model()
2022-01-20 05:30:22,966:INFO:plot_model(fold=None, use_train_data=False, verbose=True, is_in_evaluate=False, display=None, display_format=None, estimator=IForest(behaviour='new', bootstrap=False, contamination=0.05,
    max_features=1.0, max_samples='auto', n_estimators=100, n_jobs=-1,
    random_state=123, verbose=0), feature_name=None, fit_kwargs=None, groups=None, label=False, plot=tsne, plot_kwargs=None, save=False, scale=1, system=True)
2022-01-20 05:30:22,966:INFO:Checking exceptions
2022-01-20 05:30:22,966:INFO:Preparing display monitor
2022-01-20 05:30:22,975:INFO:Preloading libraries
2022-01-20 05:30:22,986:INFO:Copying training dataset
2022-01-20 05:30:22,986:INFO:Plot type: tsne
2022-01-20 05:30:23,030:INFO:SubProcess assign_model() called ==================================
2022-01-20 05:30:23,030:INFO:Initializing assign_model()
2022-01-20 05:30:23,030:INFO:assign_model(model=IForest(behaviour='new', bootstrap=False, contamination=0.05,
    max_features=1.0, max_samples='auto', n_estimators=100, n_jobs=-1,
    random_state=123, verbose=0), transformation=True, score=False, verbose=False)
2022-01-20 05:30:23,030:INFO:Checking exceptions
2022-01-20 05:30:23,030:INFO:Determining Trained Model
2022-01-20 05:30:23,030:INFO:Trained Model : Isolation Forest
2022-01-20 05:30:23,030:INFO:Copying data
2022-01-20 05:30:23,031:INFO:Transformation param set to True. Assigned clusters are attached on transformed dataset.
2022-01-20 05:30:23,031:INFO:(1026, 92)
2022-01-20 05:30:23,031:INFO:assign_model() succesfully completed......................................
2022-01-20 05:30:23,032:INFO:SubProcess assign_model() end ==================================
2022-01-20 05:30:23,035:INFO:Getting dummies to cast categorical variables
2022-01-20 05:30:23,035:INFO:Fitting TSNE()
2022-01-20 05:30:31,516:INFO:Rendering Visual
2022-01-20 05:30:32,688:INFO:Visual Rendered Successfully
2022-01-20 05:30:32,802:INFO:plot_model() succesfully completed......................................
2022-01-20 05:33:58,825:INFO:Initializing plot_model()
2022-01-20 05:33:58,825:INFO:plot_model(fold=None, use_train_data=False, verbose=True, is_in_evaluate=False, display=None, display_format=None, estimator=IForest(behaviour='new', bootstrap=False, contamination=0.05,
    max_features=1.0, max_samples='auto', n_estimators=100, n_jobs=-1,
    random_state=123, verbose=0), feature_name=None, fit_kwargs=None, groups=None, label=False, plot=umap, plot_kwargs=None, save=False, scale=1, system=True)
2022-01-20 05:33:58,825:INFO:Checking exceptions
2022-01-20 05:33:58,826:INFO:Preparing display monitor
2022-01-20 05:33:58,833:INFO:Preloading libraries
2022-01-20 05:33:58,843:INFO:Copying training dataset
2022-01-20 05:33:58,844:INFO:Plot type: umap
2022-01-20 05:33:58,890:INFO:SubProcess assign_model() called ==================================
2022-01-20 05:33:58,891:INFO:Initializing assign_model()
2022-01-20 05:33:58,891:INFO:assign_model(model=IForest(behaviour='new', bootstrap=False, contamination=0.05,
    max_features=1.0, max_samples='auto', n_estimators=100, n_jobs=-1,
    random_state=123, verbose=0), transformation=True, score=False, verbose=False)
2022-01-20 05:33:58,891:INFO:Checking exceptions
2022-01-20 05:33:58,891:INFO:Determining Trained Model
2022-01-20 05:33:58,891:INFO:Trained Model : Isolation Forest
2022-01-20 05:33:58,891:INFO:Copying data
2022-01-20 05:33:58,892:INFO:Transformation param set to True. Assigned clusters are attached on transformed dataset.
2022-01-20 05:33:58,892:INFO:(1026, 92)
2022-01-20 05:33:58,892:INFO:assign_model() succesfully completed......................................
2022-01-20 05:33:58,892:INFO:SubProcess assign_model() end ==================================
2022-01-20 05:43:14,733:INFO:Initializing predict_model()
2022-01-20 05:43:14,733:INFO:predict_model(estimator=IForest(behaviour='new', bootstrap=False, contamination=0.05,
    max_features=1.0, max_samples='auto', n_estimators=100, n_jobs=-1,
    random_state=123, verbose=0), ml_usecase=MLUsecase.ANOMALY)
2022-01-20 06:25:24,066:INFO:Initializing predict_model()
2022-01-20 06:25:24,066:INFO:predict_model(estimator=IForest(behaviour='new', bootstrap=False, contamination=0.05,
    max_features=1.0, max_samples='auto', n_estimators=100, n_jobs=-1,
    random_state=123, verbose=0), ml_usecase=MLUsecase.ANOMALY)
2022-01-20 06:29:01,422:INFO:Initializing plot_model()
2022-01-20 06:29:01,422:INFO:plot_model(fold=None, use_train_data=False, verbose=True, is_in_evaluate=False, display=None, display_format=None, estimator=IForest(behaviour='new', bootstrap=False, contamination=0.05,
    max_features=1.0, max_samples='auto', n_estimators=100, n_jobs=-1,
    random_state=123, verbose=0), feature_name=None, fit_kwargs=None, groups=None, label=False, plot=umap, plot_kwargs=None, save=False, scale=1, system=True)
2022-01-20 06:29:01,422:INFO:Checking exceptions
2022-01-20 06:29:01,422:INFO:Preparing display monitor
2022-01-20 06:29:01,430:INFO:Preloading libraries
2022-01-20 06:29:01,440:INFO:Copying training dataset
2022-01-20 06:29:01,440:INFO:Plot type: umap
2022-01-20 06:29:01,485:INFO:SubProcess assign_model() called ==================================
2022-01-20 06:29:01,485:INFO:Initializing assign_model()
2022-01-20 06:29:01,486:INFO:assign_model(model=IForest(behaviour='new', bootstrap=False, contamination=0.05,
    max_features=1.0, max_samples='auto', n_estimators=100, n_jobs=-1,
    random_state=123, verbose=0), transformation=True, score=False, verbose=False)
2022-01-20 06:29:01,486:INFO:Checking exceptions
2022-01-20 06:29:01,486:INFO:Determining Trained Model
2022-01-20 06:29:01,486:INFO:Trained Model : Isolation Forest
2022-01-20 06:29:01,486:INFO:Copying data
2022-01-20 06:29:01,486:INFO:Transformation param set to True. Assigned clusters are attached on transformed dataset.
2022-01-20 06:29:01,487:INFO:(1026, 92)
2022-01-20 06:29:01,487:INFO:assign_model() succesfully completed......................................
2022-01-20 06:29:01,487:INFO:SubProcess assign_model() end ==================================
2022-01-20 06:29:01,590:INFO:Fitting UMAP()
2022-01-20 06:29:10,284:INFO:Rendering Visual
2022-01-20 06:29:10,371:INFO:Visual Rendered Successfully
2022-01-20 06:29:10,572:INFO:plot_model() succesfully completed......................................
2022-01-20 06:40:13,425:INFO:Initializing save_model()
2022-01-20 06:40:13,425:INFO:save_model(model=IForest(behaviour='new', bootstrap=False, contamination=0.05,
    max_features=1.0, max_samples='auto', n_estimators=100, n_jobs=-1,
    random_state=123, verbose=0), model_name=Final IForest Model 20Jan2022, prep_pipe_=Pipeline(memory=None,
         steps=[('dtypes',
                 DataTypes_Auto_infer(categorical_features=[],
                                      display_types=True,
                                      features_todrop=['MouseID'],
                                      id_columns=[], ml_usecase='regression',
                                      numerical_features=[],
                                      target='UNSUPERVISED_DUMMY_TARGET',
                                      time_features=[])),
                ('imputer',
                 Simple_Imputer(categorical_strategy='most frequent',
                                fill_value_categorical=None,
                                fill_value_numer...
                ('P_transform', 'passthrough'), ('binn', 'passthrough'),
                ('rem_outliers', 'passthrough'), ('cluster_all', 'passthrough'),
                ('dummy', Dummify(target='UNSUPERVISED_DUMMY_TARGET')),
                ('fix_perfect', 'passthrough'),
                ('clean_names', Clean_Colum_Names()),
                ('feature_select', 'passthrough'), ('fix_multi', 'passthrough'),
                ('dfs', 'passthrough'), ('pca', 'passthrough')],
         verbose=False), verbose=True, kwargs={})
2022-01-20 06:40:13,425:INFO:Adding model into prep_pipe
2022-01-20 06:40:13,472:INFO:Final IForest Model 20Jan2022.pkl saved in current working directory
2022-01-20 06:40:13,478:INFO:Pipeline(memory=None,
         steps=[('dtypes',
                 DataTypes_Auto_infer(categorical_features=[],
                                      display_types=True,
                                      features_todrop=['MouseID'],
                                      id_columns=[], ml_usecase='regression',
                                      numerical_features=[],
                                      target='UNSUPERVISED_DUMMY_TARGET',
                                      time_features=[])),
                ('imputer',
                 Simple_Imputer(categorical_strategy='most frequent',
                                fill_value_categorical=None,
                                fill_value_numer...
                ('fix_perfect', 'passthrough'),
                ('clean_names', Clean_Colum_Names()),
                ('feature_select', 'passthrough'), ('fix_multi', 'passthrough'),
                ('dfs', 'passthrough'), ('pca', 'passthrough'),
                ['trained_model',
                 IForest(behaviour='new', bootstrap=False, contamination=0.05,
    max_features=1.0, max_samples='auto', n_estimators=100, n_jobs=-1,
    random_state=123, verbose=0)]],
         verbose=False)
2022-01-20 06:40:13,478:INFO:save_model() successfully completed......................................
2022-01-20 06:40:31,906:INFO:Initializing load_model()
2022-01-20 06:40:31,907:INFO:load_model(model_name=Final IForest Model 25Nov2020, platform=None, authentication=None, verbose=True)
2022-01-20 06:40:41,410:INFO:Initializing load_model()
2022-01-20 06:40:41,411:INFO:load_model(model_name=Final IForest Model 20Jan2022, platform=None, authentication=None, verbose=True)
2022-01-20 06:40:41,451:INFO:Initializing predict_model()
2022-01-20 06:40:41,451:INFO:predict_model(estimator=Pipeline(memory=None,
         steps=[('dtypes',
                 DataTypes_Auto_infer(categorical_features=[],
                                      display_types=True,
                                      features_todrop=['MouseID'],
                                      id_columns=[], ml_usecase='regression',
                                      numerical_features=[],
                                      target='UNSUPERVISED_DUMMY_TARGET',
                                      time_features=[])),
                ('imputer',
                 Simple_Imputer(categorical_strategy='most frequent',
                                fill_value_categorical=None,
                                fill_value_numer...
                ('fix_perfect', 'passthrough'),
                ('clean_names', Clean_Colum_Names()),
                ('feature_select', 'passthrough'), ('fix_multi', 'passthrough'),
                ('dfs', 'passthrough'), ('pca', 'passthrough'),
                ['trained_model',
                 IForest(behaviour='new', bootstrap=False, contamination=0.05,
    max_features=1.0, max_samples='auto', n_estimators=100, n_jobs=-1,
    random_state=123, verbose=0)]],
         verbose=False), ml_usecase=MLUsecase.ANOMALY)
2022-01-24 03:01:56,093:INFO:PyCaret Supervised Module
2022-01-24 03:01:56,094:INFO:ML Usecase: anomaly
2022-01-24 03:01:56,094:INFO:version 2.3.6
2022-01-24 03:01:56,094:INFO:Initializing setup()
2022-01-24 03:01:56,095:INFO:setup(target=None, ml_usecase=anomaly, available_plots={'tsne': 'Anomaly TSnE (3d)', 'umap': 'UMAP Dimensionality'}, train_size=0.7, test_data=None, preprocess=True, imputation_type=simple, iterative_imputation_iters=5, categorical_features=None, categorical_imputation=mode, categorical_iterative_imputer=lightgbm, ordinal_features=None, high_cardinality_features=None, high_cardinality_method=frequency, numeric_features=None, numeric_imputation=mean, numeric_iterative_imputer=lightgbm, date_features=None, ignore_features=None, normalize=False, normalize_method=zscore, transformation=False, transformation_method=yeo-johnson, handle_unknown_categorical=True, unknown_categorical_method=least_frequent, pca=False, pca_method=linear, pca_components=None, ignore_low_variance=False, combine_rare_levels=False, rare_level_threshold=0.1, bin_numeric_features=None, remove_outliers=False, outliers_threshold=0.05, remove_multicollinearity=False, multicollinearity_threshold=0.9, remove_perfect_collinearity=False, create_clusters=False, cluster_iter=20, polynomial_features=False, polynomial_degree=2, trigonometry_features=False, polynomial_threshold=0.1, group_features=None, group_names=None, feature_selection=False, feature_selection_threshold=0.8, feature_selection_method=classic, feature_interaction=False, feature_ratio=False, interaction_threshold=0.01, fix_imbalance=False, fix_imbalance_method=None, transform_target=False, transform_target_method=box-cox, data_split_shuffle=False, data_split_stratify=False, fold_strategy=kfold, fold=10, fold_shuffle=False, fold_groups=None, n_jobs=-1, use_gpu=False, custom_pipeline=None, html=True, session_id=123, log_experiment=False, experiment_name=None, log_plots=False, log_profile=False, log_data=False, silent=False, verbose=True, profile=False, profile_kwargs=None, display=None)
2022-01-24 03:01:56,095:INFO:Checking environment
2022-01-24 03:01:56,095:INFO:python_version: 3.7.9
2022-01-24 03:01:56,095:INFO:python_build: ('default', 'Nov 17 2021 03:51:47')
2022-01-24 03:01:56,095:INFO:machine: x86_64
2022-01-24 03:01:56,095:INFO:platform: Linux-5.11.0-1027-aws-x86_64-with-debian-bullseye-sid
2022-01-24 03:01:56,095:WARNING:cannot find psutil installation. memory not traceable. Install psutil using pip to enable memory logging.
2022-01-24 03:01:56,095:INFO:Checking libraries
2022-01-24 03:01:56,095:INFO:pd==1.2.5
2022-01-24 03:01:56,095:INFO:numpy==1.20.3
2022-01-24 03:01:56,095:INFO:sklearn==0.23.2
2022-01-24 03:01:56,095:INFO:lightgbm==3.3.2
2022-01-24 03:01:56,095:WARNING:catboost not found
2022-01-24 03:01:56,095:WARNING:xgboost not found
2022-01-24 03:01:56,668:INFO:mlflow==1.23.0
2022-01-24 03:01:56,668:INFO:Checking Exceptions
2022-01-24 03:01:56,669:INFO:Declaring global variables
2022-01-24 03:01:56,669:INFO:USI: 0887
2022-01-24 03:01:56,669:INFO:pycaret_globals: {'transform_target_param', '_internal_pipeline', 'stratify_param', 'log_plots_param', 'prep_pipe', 'fix_imbalance_method_param', '_all_models_internal', 'seed', 'gpu_param', 'master_model_container', 'imputation_regressor', 'create_model_container', 'USI', 'transform_target_method_param', 'fold_groups_param', 'X', 'logging_param', 'imputation_classifier', 'fold_shuffle_param', 'n_jobs_param', '_all_metrics', 'experiment__', 'iterative_imputation_iters_param', 'data_before_preprocess', '_available_plots', 'exp_name_log', 'pycaret_globals', 'fold_param', 'fix_imbalance_param', 'fold_groups_param_full', 'target_param', '_all_models', '_ml_usecase', '_gpu_n_jobs_param', 'html_param', 'display_container', 'fold_generator'}
2022-01-24 03:01:56,669:INFO:Preparing display monitor
2022-01-24 03:01:56,669:INFO:Preparing display monitor
2022-01-24 03:01:56,685:INFO:Importing libraries
2022-01-24 03:01:56,685:INFO:Copying data for preprocessing
2022-01-24 03:01:56,694:INFO:Declaring preprocessing parameters
2022-01-24 03:01:56,697:INFO:Creating preprocessing pipeline
2022-01-24 03:01:56,708:INFO:Preprocessing pipeline created successfully
2022-01-24 03:01:56,708:ERROR:(Process Exit): setup has been interupted with user command 'quit'. setup must rerun.
2022-01-24 03:01:56,708:INFO:Creating global containers
2022-01-24 03:01:56,710:INFO:Internal pipeline: Pipeline(memory=None, steps=[('empty_step', 'passthrough')], verbose=False)
2022-01-24 03:01:58,993:INFO:Creating grid variables
2022-01-24 03:01:59,010:INFO:create_model_container: 0
2022-01-24 03:01:59,010:INFO:master_model_container: 0
2022-01-24 03:01:59,010:INFO:display_container: 1
2022-01-24 03:01:59,014:INFO:Pipeline(memory=None,
         steps=[('dtypes',
                 DataTypes_Auto_infer(categorical_features=[],
                                      display_types=True, features_todrop=[],
                                      id_columns=[], ml_usecase='regression',
                                      numerical_features=[],
                                      target='UNSUPERVISED_DUMMY_TARGET',
                                      time_features=[])),
                ('imputer',
                 Simple_Imputer(categorical_strategy='most frequent',
                                fill_value_categorical=None,
                                fill_value_numerical=None...
                ('scaling', 'passthrough'), ('P_transform', 'passthrough'),
                ('binn', 'passthrough'), ('rem_outliers', 'passthrough'),
                ('cluster_all', 'passthrough'),
                ('dummy', Dummify(target='UNSUPERVISED_DUMMY_TARGET')),
                ('fix_perfect', 'passthrough'),
                ('clean_names', Clean_Colum_Names()),
                ('feature_select', 'passthrough'), ('fix_multi', 'passthrough'),
                ('dfs', 'passthrough'), ('pca', 'passthrough')],
         verbose=False)
2022-01-24 03:01:59,015:INFO:setup() succesfully completed......................................
2022-01-24 03:02:05,065:INFO:PyCaret Supervised Module
2022-01-24 03:02:05,065:INFO:ML Usecase: anomaly
2022-01-24 03:02:05,065:INFO:version 2.3.6
2022-01-24 03:02:05,066:INFO:Initializing setup()
2022-01-24 03:02:05,066:INFO:setup(target=None, ml_usecase=anomaly, available_plots={'tsne': 'Anomaly TSnE (3d)', 'umap': 'UMAP Dimensionality'}, train_size=0.7, test_data=None, preprocess=True, imputation_type=simple, iterative_imputation_iters=5, categorical_features=None, categorical_imputation=mode, categorical_iterative_imputer=lightgbm, ordinal_features=None, high_cardinality_features=None, high_cardinality_method=frequency, numeric_features=None, numeric_imputation=mean, numeric_iterative_imputer=lightgbm, date_features=None, ignore_features=None, normalize=False, normalize_method=zscore, transformation=False, transformation_method=yeo-johnson, handle_unknown_categorical=True, unknown_categorical_method=least_frequent, pca=False, pca_method=linear, pca_components=None, ignore_low_variance=False, combine_rare_levels=False, rare_level_threshold=0.1, bin_numeric_features=None, remove_outliers=False, outliers_threshold=0.05, remove_multicollinearity=False, multicollinearity_threshold=0.9, remove_perfect_collinearity=False, create_clusters=False, cluster_iter=20, polynomial_features=False, polynomial_degree=2, trigonometry_features=False, polynomial_threshold=0.1, group_features=None, group_names=None, feature_selection=False, feature_selection_threshold=0.8, feature_selection_method=classic, feature_interaction=False, feature_ratio=False, interaction_threshold=0.01, fix_imbalance=False, fix_imbalance_method=None, transform_target=False, transform_target_method=box-cox, data_split_shuffle=False, data_split_stratify=False, fold_strategy=kfold, fold=10, fold_shuffle=False, fold_groups=None, n_jobs=-1, use_gpu=False, custom_pipeline=None, html=True, session_id=123, log_experiment=False, experiment_name=None, log_plots=False, log_profile=False, log_data=False, silent=False, verbose=True, profile=False, profile_kwargs=None, display=None)
2022-01-24 03:02:05,066:INFO:Checking environment
2022-01-24 03:02:05,066:INFO:python_version: 3.7.9
2022-01-24 03:02:05,066:INFO:python_build: ('default', 'Nov 17 2021 03:51:47')
2022-01-24 03:02:05,066:INFO:machine: x86_64
2022-01-24 03:02:05,066:INFO:platform: Linux-5.11.0-1027-aws-x86_64-with-debian-bullseye-sid
2022-01-24 03:02:05,067:WARNING:cannot find psutil installation. memory not traceable. Install psutil using pip to enable memory logging.
2022-01-24 03:02:05,067:INFO:Checking libraries
2022-01-24 03:02:05,067:INFO:pd==1.2.5
2022-01-24 03:02:05,067:INFO:numpy==1.20.3
2022-01-24 03:02:05,067:INFO:sklearn==0.23.2
2022-01-24 03:02:05,067:INFO:lightgbm==3.3.2
2022-01-24 03:02:05,067:WARNING:catboost not found
2022-01-24 03:02:05,068:WARNING:xgboost not found
2022-01-24 03:02:05,068:INFO:mlflow==1.23.0
2022-01-24 03:02:05,068:INFO:Checking Exceptions
2022-01-24 03:02:05,068:INFO:Declaring global variables
2022-01-24 03:02:05,068:INFO:USI: 2a07
2022-01-24 03:02:05,068:INFO:pycaret_globals: {'transform_target_param', '_internal_pipeline', 'stratify_param', 'log_plots_param', 'prep_pipe', 'fix_imbalance_method_param', '_all_models_internal', 'seed', 'gpu_param', 'master_model_container', 'imputation_regressor', 'create_model_container', 'USI', 'transform_target_method_param', 'fold_groups_param', 'X', 'logging_param', 'imputation_classifier', 'fold_shuffle_param', 'n_jobs_param', '_all_metrics', 'experiment__', 'iterative_imputation_iters_param', 'data_before_preprocess', '_available_plots', 'exp_name_log', 'pycaret_globals', 'fold_param', 'fix_imbalance_param', 'fold_groups_param_full', 'target_param', '_all_models', '_ml_usecase', '_gpu_n_jobs_param', 'html_param', 'display_container', 'fold_generator'}
2022-01-24 03:02:05,068:INFO:Preparing display monitor
2022-01-24 03:02:05,068:INFO:Preparing display monitor
2022-01-24 03:02:05,083:INFO:Importing libraries
2022-01-24 03:02:05,083:INFO:Copying data for preprocessing
2022-01-24 03:02:05,092:INFO:Declaring preprocessing parameters
2022-01-24 03:02:05,096:INFO:Creating preprocessing pipeline
2022-01-24 03:02:05,105:INFO:Preprocessing pipeline created successfully
2022-01-24 03:02:05,105:ERROR:(Process Exit): setup has been interupted with user command 'quit'. setup must rerun.
2022-01-24 03:02:05,105:INFO:Creating global containers
2022-01-24 03:02:05,106:INFO:Internal pipeline: Pipeline(memory=None, steps=[('empty_step', 'passthrough')], verbose=False)
2022-01-24 03:02:08,056:INFO:Creating grid variables
2022-01-24 03:02:08,072:INFO:create_model_container: 0
2022-01-24 03:02:08,072:INFO:master_model_container: 0
2022-01-24 03:02:08,072:INFO:display_container: 1
2022-01-24 03:02:08,077:INFO:Pipeline(memory=None,
         steps=[('dtypes',
                 DataTypes_Auto_infer(categorical_features=[],
                                      display_types=True, features_todrop=[],
                                      id_columns=[], ml_usecase='regression',
                                      numerical_features=[],
                                      target='UNSUPERVISED_DUMMY_TARGET',
                                      time_features=[])),
                ('imputer',
                 Simple_Imputer(categorical_strategy='most frequent',
                                fill_value_categorical=None,
                                fill_value_numerical=None...
                ('scaling', 'passthrough'), ('P_transform', 'passthrough'),
                ('binn', 'passthrough'), ('rem_outliers', 'passthrough'),
                ('cluster_all', 'passthrough'),
                ('dummy', Dummify(target='UNSUPERVISED_DUMMY_TARGET')),
                ('fix_perfect', 'passthrough'),
                ('clean_names', Clean_Colum_Names()),
                ('feature_select', 'passthrough'), ('fix_multi', 'passthrough'),
                ('dfs', 'passthrough'), ('pca', 'passthrough')],
         verbose=False)
2022-01-24 03:02:08,077:INFO:setup() succesfully completed......................................
2022-01-24 03:05:05,225:INFO:gpu_param set to False
2022-01-24 03:06:06,641:INFO:Initializing create_model()
2022-01-24 03:06:06,641:INFO:create_model(estimator=iforest, num_clusters=4, fraction=0.1, ground_truth=None, round=4, fit_kwargs=None, verbose=True, system=True, add_to_model_list=True, raise_num_clusters=False, display=None, kwargs={})
2022-01-24 03:06:06,641:INFO:Checking exceptions
2022-01-24 03:06:06,641:INFO:Preparing display monitor
2022-01-24 03:06:06,656:INFO:Importing libraries
2022-01-24 03:06:06,664:INFO:Importing untrained model
2022-01-24 03:06:06,673:INFO:Isolation Forest Imported succesfully
2022-01-24 03:06:06,683:INFO:Fitting Model
2022-01-24 03:06:07,476:INFO:IForest(behaviour='new', bootstrap=False, contamination=0.1, max_features=1.0,
    max_samples='auto', n_estimators=100, n_jobs=-1, random_state=123,
    verbose=0)
2022-01-24 03:06:07,476:INFO:create_models() succesfully completed......................................
2022-01-24 03:06:07,477:INFO:Uploading results into container
2022-01-24 03:06:07,477:INFO:Uploading model into container now
2022-01-24 03:06:07,478:INFO:create_model_container: 1
2022-01-24 03:06:07,479:INFO:master_model_container: 1
2022-01-24 03:06:07,479:INFO:display_container: 2
2022-01-24 03:06:07,479:INFO:IForest(behaviour='new', bootstrap=False, contamination=0.1, max_features=1.0,
    max_samples='auto', n_estimators=100, n_jobs=-1, random_state=123,
    verbose=0)
2022-01-24 03:06:07,479:INFO:create_model() succesfully completed......................................
2022-01-24 03:06:07,587:INFO:Initializing assign_model()
2022-01-24 03:06:07,587:INFO:assign_model(model=IForest(behaviour='new', bootstrap=False, contamination=0.1, max_features=1.0,
    max_samples='auto', n_estimators=100, n_jobs=-1, random_state=123,
    verbose=0), transformation=False, score=True, verbose=True)
2022-01-24 03:06:07,587:INFO:Checking exceptions
2022-01-24 03:06:07,587:INFO:Determining Trained Model
2022-01-24 03:06:07,588:INFO:Trained Model : Isolation Forest
2022-01-24 03:06:07,588:INFO:Copying data
2022-01-24 03:06:07,589:INFO:(5160, 9)
2022-01-24 03:06:07,590:INFO:assign_model() succesfully completed......................................
2022-01-24 03:31:51,346:INFO:PyCaret Supervised Module
2022-01-24 03:31:51,347:INFO:ML Usecase: anomaly
2022-01-24 03:31:51,347:INFO:version 2.3.6
2022-01-24 03:31:51,347:INFO:Initializing setup()
2022-01-24 03:31:51,347:INFO:setup(target=None, ml_usecase=anomaly, available_plots={'tsne': 'Anomaly TSnE (3d)', 'umap': 'UMAP Dimensionality'}, train_size=0.7, test_data=None, preprocess=True, imputation_type=simple, iterative_imputation_iters=5, categorical_features=None, categorical_imputation=mode, categorical_iterative_imputer=lightgbm, ordinal_features=None, high_cardinality_features=None, high_cardinality_method=frequency, numeric_features=None, numeric_imputation=mean, numeric_iterative_imputer=lightgbm, date_features=None, ignore_features=None, normalize=False, normalize_method=zscore, transformation=False, transformation_method=yeo-johnson, handle_unknown_categorical=True, unknown_categorical_method=least_frequent, pca=False, pca_method=linear, pca_components=None, ignore_low_variance=False, combine_rare_levels=False, rare_level_threshold=0.1, bin_numeric_features=None, remove_outliers=False, outliers_threshold=0.05, remove_multicollinearity=False, multicollinearity_threshold=0.9, remove_perfect_collinearity=False, create_clusters=False, cluster_iter=20, polynomial_features=False, polynomial_degree=2, trigonometry_features=False, polynomial_threshold=0.1, group_features=None, group_names=None, feature_selection=False, feature_selection_threshold=0.8, feature_selection_method=classic, feature_interaction=False, feature_ratio=False, interaction_threshold=0.01, fix_imbalance=False, fix_imbalance_method=None, transform_target=False, transform_target_method=box-cox, data_split_shuffle=False, data_split_stratify=False, fold_strategy=kfold, fold=10, fold_shuffle=False, fold_groups=None, n_jobs=-1, use_gpu=False, custom_pipeline=None, html=True, session_id=123, log_experiment=False, experiment_name=None, log_plots=False, log_profile=False, log_data=False, silent=False, verbose=True, profile=False, profile_kwargs=None, display=None)
2022-01-24 03:31:51,347:INFO:Checking environment
2022-01-24 03:31:51,348:INFO:python_version: 3.7.9
2022-01-24 03:31:51,348:INFO:python_build: ('default', 'Nov 17 2021 03:51:47')
2022-01-24 03:31:51,348:INFO:machine: x86_64
2022-01-24 03:31:51,348:INFO:platform: Linux-5.11.0-1027-aws-x86_64-with-debian-bullseye-sid
2022-01-24 03:31:51,349:WARNING:cannot find psutil installation. memory not traceable. Install psutil using pip to enable memory logging.
2022-01-24 03:31:51,349:INFO:Checking libraries
2022-01-24 03:31:51,349:INFO:pd==1.2.5
2022-01-24 03:31:51,349:INFO:numpy==1.20.3
2022-01-24 03:31:51,349:INFO:sklearn==0.23.2
2022-01-24 03:31:51,349:INFO:lightgbm==3.3.2
2022-01-24 03:31:51,349:WARNING:catboost not found
2022-01-24 03:31:51,349:WARNING:xgboost not found
2022-01-24 03:31:51,349:INFO:mlflow==1.23.0
2022-01-24 03:31:51,350:INFO:Checking Exceptions
2022-01-24 03:31:51,350:INFO:Declaring global variables
2022-01-24 03:31:51,350:INFO:USI: d6f9
2022-01-24 03:31:51,351:INFO:pycaret_globals: {'transform_target_param', '_internal_pipeline', 'stratify_param', 'log_plots_param', 'prep_pipe', 'fix_imbalance_method_param', '_all_models_internal', 'seed', 'gpu_param', 'master_model_container', 'imputation_regressor', 'create_model_container', 'USI', 'transform_target_method_param', 'fold_groups_param', 'X', 'logging_param', 'imputation_classifier', 'fold_shuffle_param', 'n_jobs_param', '_all_metrics', 'experiment__', 'iterative_imputation_iters_param', 'data_before_preprocess', '_available_plots', 'exp_name_log', 'pycaret_globals', 'fold_param', 'fix_imbalance_param', 'fold_groups_param_full', 'target_param', '_all_models', '_ml_usecase', '_gpu_n_jobs_param', 'html_param', 'display_container', 'fold_generator'}
2022-01-24 03:31:51,351:INFO:Preparing display monitor
2022-01-24 03:31:51,351:INFO:Preparing display monitor
2022-01-24 03:31:51,365:INFO:Importing libraries
2022-01-24 03:31:51,365:INFO:Copying data for preprocessing
2022-01-24 03:31:51,373:INFO:Declaring preprocessing parameters
2022-01-24 03:31:51,377:INFO:Creating preprocessing pipeline
2022-01-24 03:31:51,387:INFO:Preprocessing pipeline created successfully
2022-01-24 03:31:51,387:ERROR:(Process Exit): setup has been interupted with user command 'quit'. setup must rerun.
2022-01-24 03:31:51,387:INFO:Creating global containers
2022-01-24 03:31:51,387:INFO:Internal pipeline: Pipeline(memory=None, steps=[('empty_step', 'passthrough')], verbose=False)
2022-01-24 03:31:57,666:INFO:Creating grid variables
2022-01-24 03:31:57,682:INFO:create_model_container: 0
2022-01-24 03:31:57,682:INFO:master_model_container: 0
2022-01-24 03:31:57,682:INFO:display_container: 1
2022-01-24 03:31:57,686:INFO:Pipeline(memory=None,
         steps=[('dtypes',
                 DataTypes_Auto_infer(categorical_features=[],
                                      display_types=True, features_todrop=[],
                                      id_columns=[], ml_usecase='regression',
                                      numerical_features=[],
                                      target='UNSUPERVISED_DUMMY_TARGET',
                                      time_features=[])),
                ('imputer',
                 Simple_Imputer(categorical_strategy='most frequent',
                                fill_value_categorical=None,
                                fill_value_numerical=None...
                ('scaling', 'passthrough'), ('P_transform', 'passthrough'),
                ('binn', 'passthrough'), ('rem_outliers', 'passthrough'),
                ('cluster_all', 'passthrough'),
                ('dummy', Dummify(target='UNSUPERVISED_DUMMY_TARGET')),
                ('fix_perfect', 'passthrough'),
                ('clean_names', Clean_Colum_Names()),
                ('feature_select', 'passthrough'), ('fix_multi', 'passthrough'),
                ('dfs', 'passthrough'), ('pca', 'passthrough')],
         verbose=False)
2022-01-24 03:31:57,687:INFO:setup() succesfully completed......................................
2022-01-24 03:31:59,965:INFO:PyCaret Supervised Module
2022-01-24 03:31:59,965:INFO:ML Usecase: anomaly
2022-01-24 03:31:59,966:INFO:version 2.3.6
2022-01-24 03:31:59,966:INFO:Initializing setup()
2022-01-24 03:31:59,966:INFO:setup(target=None, ml_usecase=anomaly, available_plots={'tsne': 'Anomaly TSnE (3d)', 'umap': 'UMAP Dimensionality'}, train_size=0.7, test_data=None, preprocess=True, imputation_type=simple, iterative_imputation_iters=5, categorical_features=None, categorical_imputation=mode, categorical_iterative_imputer=lightgbm, ordinal_features=None, high_cardinality_features=None, high_cardinality_method=frequency, numeric_features=None, numeric_imputation=mean, numeric_iterative_imputer=lightgbm, date_features=None, ignore_features=None, normalize=False, normalize_method=zscore, transformation=False, transformation_method=yeo-johnson, handle_unknown_categorical=True, unknown_categorical_method=least_frequent, pca=False, pca_method=linear, pca_components=None, ignore_low_variance=False, combine_rare_levels=False, rare_level_threshold=0.1, bin_numeric_features=None, remove_outliers=False, outliers_threshold=0.05, remove_multicollinearity=False, multicollinearity_threshold=0.9, remove_perfect_collinearity=False, create_clusters=False, cluster_iter=20, polynomial_features=False, polynomial_degree=2, trigonometry_features=False, polynomial_threshold=0.1, group_features=None, group_names=None, feature_selection=False, feature_selection_threshold=0.8, feature_selection_method=classic, feature_interaction=False, feature_ratio=False, interaction_threshold=0.01, fix_imbalance=False, fix_imbalance_method=None, transform_target=False, transform_target_method=box-cox, data_split_shuffle=False, data_split_stratify=False, fold_strategy=kfold, fold=10, fold_shuffle=False, fold_groups=None, n_jobs=-1, use_gpu=False, custom_pipeline=None, html=True, session_id=123, log_experiment=False, experiment_name=None, log_plots=False, log_profile=False, log_data=False, silent=False, verbose=True, profile=False, profile_kwargs=None, display=None)
2022-01-24 03:31:59,966:INFO:Checking environment
2022-01-24 03:31:59,966:INFO:python_version: 3.7.9
2022-01-24 03:31:59,966:INFO:python_build: ('default', 'Nov 17 2021 03:51:47')
2022-01-24 03:31:59,966:INFO:machine: x86_64
2022-01-24 03:31:59,966:INFO:platform: Linux-5.11.0-1027-aws-x86_64-with-debian-bullseye-sid
2022-01-24 03:31:59,967:WARNING:cannot find psutil installation. memory not traceable. Install psutil using pip to enable memory logging.
2022-01-24 03:31:59,968:INFO:Checking libraries
2022-01-24 03:31:59,968:INFO:pd==1.2.5
2022-01-24 03:31:59,968:INFO:numpy==1.20.3
2022-01-24 03:31:59,968:INFO:sklearn==0.23.2
2022-01-24 03:31:59,968:INFO:lightgbm==3.3.2
2022-01-24 03:31:59,968:WARNING:catboost not found
2022-01-24 03:31:59,969:WARNING:xgboost not found
2022-01-24 03:31:59,969:INFO:mlflow==1.23.0
2022-01-24 03:31:59,969:INFO:Checking Exceptions
2022-01-24 03:31:59,969:INFO:Declaring global variables
2022-01-24 03:31:59,969:INFO:USI: a12c
2022-01-24 03:31:59,969:INFO:pycaret_globals: {'transform_target_param', '_internal_pipeline', 'stratify_param', 'log_plots_param', 'prep_pipe', 'fix_imbalance_method_param', '_all_models_internal', 'seed', 'gpu_param', 'master_model_container', 'imputation_regressor', 'create_model_container', 'USI', 'transform_target_method_param', 'fold_groups_param', 'X', 'logging_param', 'imputation_classifier', 'fold_shuffle_param', 'n_jobs_param', '_all_metrics', 'experiment__', 'iterative_imputation_iters_param', 'data_before_preprocess', '_available_plots', 'exp_name_log', 'pycaret_globals', 'fold_param', 'fix_imbalance_param', 'fold_groups_param_full', 'target_param', '_all_models', '_ml_usecase', '_gpu_n_jobs_param', 'html_param', 'display_container', 'fold_generator'}
2022-01-24 03:31:59,969:INFO:Preparing display monitor
2022-01-24 03:31:59,969:INFO:Preparing display monitor
2022-01-24 03:31:59,982:INFO:Importing libraries
2022-01-24 03:31:59,982:INFO:Copying data for preprocessing
2022-01-24 03:31:59,990:INFO:Declaring preprocessing parameters
2022-01-24 03:31:59,993:INFO:Creating preprocessing pipeline
2022-01-24 03:32:00,003:INFO:Preprocessing pipeline created successfully
2022-01-24 03:32:00,003:ERROR:(Process Exit): setup has been interupted with user command 'quit'. setup must rerun.
2022-01-24 03:32:00,003:INFO:Creating global containers
2022-01-24 03:32:00,003:INFO:Internal pipeline: Pipeline(memory=None, steps=[('empty_step', 'passthrough')], verbose=False)
2022-01-24 03:32:02,753:INFO:Creating grid variables
2022-01-24 03:32:02,770:INFO:create_model_container: 0
2022-01-24 03:32:02,770:INFO:master_model_container: 0
2022-01-24 03:32:02,770:INFO:display_container: 1
2022-01-24 03:32:02,775:INFO:Pipeline(memory=None,
         steps=[('dtypes',
                 DataTypes_Auto_infer(categorical_features=[],
                                      display_types=True, features_todrop=[],
                                      id_columns=[], ml_usecase='regression',
                                      numerical_features=[],
                                      target='UNSUPERVISED_DUMMY_TARGET',
                                      time_features=[])),
                ('imputer',
                 Simple_Imputer(categorical_strategy='most frequent',
                                fill_value_categorical=None,
                                fill_value_numerical=None...
                ('scaling', 'passthrough'), ('P_transform', 'passthrough'),
                ('binn', 'passthrough'), ('rem_outliers', 'passthrough'),
                ('cluster_all', 'passthrough'),
                ('dummy', Dummify(target='UNSUPERVISED_DUMMY_TARGET')),
                ('fix_perfect', 'passthrough'),
                ('clean_names', Clean_Colum_Names()),
                ('feature_select', 'passthrough'), ('fix_multi', 'passthrough'),
                ('dfs', 'passthrough'), ('pca', 'passthrough')],
         verbose=False)
2022-01-24 03:32:02,775:INFO:setup() succesfully completed......................................
2022-01-24 03:32:05,695:INFO:gpu_param set to False
2022-01-24 03:32:05,985:INFO:Initializing create_model()
2022-01-24 03:32:05,985:INFO:create_model(estimator=iforest, num_clusters=4, fraction=0.1, ground_truth=None, round=4, fit_kwargs=None, verbose=True, system=True, add_to_model_list=True, raise_num_clusters=False, display=None, kwargs={})
2022-01-24 03:32:05,985:INFO:Checking exceptions
2022-01-24 03:32:05,986:INFO:Preparing display monitor
2022-01-24 03:32:05,999:INFO:Importing libraries
2022-01-24 03:32:06,007:INFO:Importing untrained model
2022-01-24 03:32:06,016:INFO:Isolation Forest Imported succesfully
2022-01-24 03:32:06,025:INFO:Fitting Model
2022-01-24 03:32:06,810:INFO:IForest(behaviour='new', bootstrap=False, contamination=0.1, max_features=1.0,
    max_samples='auto', n_estimators=100, n_jobs=-1, random_state=123,
    verbose=0)
2022-01-24 03:32:06,810:INFO:create_models() succesfully completed......................................
2022-01-24 03:32:06,811:INFO:Uploading results into container
2022-01-24 03:32:06,811:INFO:Uploading model into container now
2022-01-24 03:32:06,812:INFO:create_model_container: 1
2022-01-24 03:32:06,812:INFO:master_model_container: 1
2022-01-24 03:32:06,812:INFO:display_container: 2
2022-01-24 03:32:06,813:INFO:IForest(behaviour='new', bootstrap=False, contamination=0.1, max_features=1.0,
    max_samples='auto', n_estimators=100, n_jobs=-1, random_state=123,
    verbose=0)
2022-01-24 03:32:06,813:INFO:create_model() succesfully completed......................................
2022-01-24 03:32:06,915:INFO:Initializing assign_model()
2022-01-24 03:32:06,915:INFO:assign_model(model=IForest(behaviour='new', bootstrap=False, contamination=0.1, max_features=1.0,
    max_samples='auto', n_estimators=100, n_jobs=-1, random_state=123,
    verbose=0), transformation=False, score=True, verbose=True)
2022-01-24 03:32:06,915:INFO:Checking exceptions
2022-01-24 03:32:06,915:INFO:Determining Trained Model
2022-01-24 03:32:06,916:INFO:Trained Model : Isolation Forest
2022-01-24 03:32:06,916:INFO:Copying data
2022-01-24 03:32:06,917:INFO:(5160, 9)
2022-01-24 03:32:06,917:INFO:assign_model() succesfully completed......................................
2022-01-24 04:27:41,779:INFO:PyCaret Supervised Module
2022-01-24 04:27:41,779:INFO:ML Usecase: anomaly
2022-01-24 04:27:41,779:INFO:version 2.3.6
2022-01-24 04:27:41,779:INFO:Initializing setup()
2022-01-24 04:27:41,779:INFO:setup(target=None, ml_usecase=anomaly, available_plots={'tsne': 'Anomaly TSnE (3d)', 'umap': 'UMAP Dimensionality'}, train_size=0.7, test_data=None, preprocess=True, imputation_type=simple, iterative_imputation_iters=5, categorical_features=None, categorical_imputation=mode, categorical_iterative_imputer=lightgbm, ordinal_features=None, high_cardinality_features=None, high_cardinality_method=frequency, numeric_features=None, numeric_imputation=mean, numeric_iterative_imputer=lightgbm, date_features=None, ignore_features=None, normalize=False, normalize_method=zscore, transformation=False, transformation_method=yeo-johnson, handle_unknown_categorical=True, unknown_categorical_method=least_frequent, pca=False, pca_method=linear, pca_components=None, ignore_low_variance=False, combine_rare_levels=False, rare_level_threshold=0.1, bin_numeric_features=None, remove_outliers=False, outliers_threshold=0.05, remove_multicollinearity=False, multicollinearity_threshold=0.9, remove_perfect_collinearity=False, create_clusters=False, cluster_iter=20, polynomial_features=False, polynomial_degree=2, trigonometry_features=False, polynomial_threshold=0.1, group_features=None, group_names=None, feature_selection=False, feature_selection_threshold=0.8, feature_selection_method=classic, feature_interaction=False, feature_ratio=False, interaction_threshold=0.01, fix_imbalance=False, fix_imbalance_method=None, transform_target=False, transform_target_method=box-cox, data_split_shuffle=False, data_split_stratify=False, fold_strategy=kfold, fold=10, fold_shuffle=False, fold_groups=None, n_jobs=-1, use_gpu=False, custom_pipeline=None, html=True, session_id=123, log_experiment=False, experiment_name=None, log_plots=False, log_profile=False, log_data=False, silent=False, verbose=True, profile=False, profile_kwargs=None, display=None)
2022-01-24 04:27:41,780:INFO:Checking environment
2022-01-24 04:27:41,780:INFO:python_version: 3.7.9
2022-01-24 04:27:41,780:INFO:python_build: ('default', 'Nov 17 2021 03:51:47')
2022-01-24 04:27:41,780:INFO:machine: x86_64
2022-01-24 04:27:41,780:INFO:platform: Linux-5.11.0-1027-aws-x86_64-with-debian-bullseye-sid
2022-01-24 04:27:41,780:WARNING:cannot find psutil installation. memory not traceable. Install psutil using pip to enable memory logging.
2022-01-24 04:27:41,781:INFO:Checking libraries
2022-01-24 04:27:41,781:INFO:pd==1.2.5
2022-01-24 04:27:41,781:INFO:numpy==1.20.3
2022-01-24 04:27:41,781:INFO:sklearn==0.23.2
2022-01-24 04:27:41,781:INFO:lightgbm==3.3.2
2022-01-24 04:27:41,782:WARNING:catboost not found
2022-01-24 04:27:41,782:WARNING:xgboost not found
2022-01-24 04:27:41,783:INFO:mlflow==1.23.0
2022-01-24 04:27:41,783:INFO:Checking Exceptions
2022-01-24 04:27:41,783:INFO:Declaring global variables
2022-01-24 04:27:41,783:INFO:USI: 725d
2022-01-24 04:27:41,783:INFO:pycaret_globals: {'transform_target_param', '_internal_pipeline', 'stratify_param', 'log_plots_param', 'prep_pipe', 'fix_imbalance_method_param', '_all_models_internal', 'seed', 'gpu_param', 'master_model_container', 'imputation_regressor', 'create_model_container', 'USI', 'transform_target_method_param', 'fold_groups_param', 'X', 'logging_param', 'imputation_classifier', 'fold_shuffle_param', 'n_jobs_param', '_all_metrics', 'experiment__', 'iterative_imputation_iters_param', 'data_before_preprocess', '_available_plots', 'exp_name_log', 'pycaret_globals', 'fold_param', 'fix_imbalance_param', 'fold_groups_param_full', 'target_param', '_all_models', '_ml_usecase', '_gpu_n_jobs_param', 'html_param', 'display_container', 'fold_generator'}
2022-01-24 04:27:41,783:INFO:Preparing display monitor
2022-01-24 04:27:41,783:INFO:Preparing display monitor
2022-01-24 04:27:41,797:INFO:Importing libraries
2022-01-24 04:27:41,797:INFO:Copying data for preprocessing
2022-01-24 04:27:41,805:INFO:Declaring preprocessing parameters
2022-01-24 04:27:41,808:INFO:Creating preprocessing pipeline
2022-01-24 04:27:41,818:INFO:Preprocessing pipeline created successfully
2022-01-24 04:27:41,818:ERROR:(Process Exit): setup has been interupted with user command 'quit'. setup must rerun.
2022-01-24 04:27:41,818:INFO:Creating global containers
2022-01-24 04:27:41,818:INFO:Internal pipeline: Pipeline(memory=None, steps=[('empty_step', 'passthrough')], verbose=False)
2022-01-24 04:27:43,965:INFO:Creating grid variables
2022-01-24 04:27:43,981:INFO:create_model_container: 0
2022-01-24 04:27:43,981:INFO:master_model_container: 0
2022-01-24 04:27:43,981:INFO:display_container: 1
2022-01-24 04:27:43,987:INFO:Pipeline(memory=None,
         steps=[('dtypes',
                 DataTypes_Auto_infer(categorical_features=[],
                                      display_types=True, features_todrop=[],
                                      id_columns=[], ml_usecase='regression',
                                      numerical_features=[],
                                      target='UNSUPERVISED_DUMMY_TARGET',
                                      time_features=[])),
                ('imputer',
                 Simple_Imputer(categorical_strategy='most frequent',
                                fill_value_categorical=None,
                                fill_value_numerical=None...
                ('scaling', 'passthrough'), ('P_transform', 'passthrough'),
                ('binn', 'passthrough'), ('rem_outliers', 'passthrough'),
                ('cluster_all', 'passthrough'),
                ('dummy', Dummify(target='UNSUPERVISED_DUMMY_TARGET')),
                ('fix_perfect', 'passthrough'),
                ('clean_names', Clean_Colum_Names()),
                ('feature_select', 'passthrough'), ('fix_multi', 'passthrough'),
                ('dfs', 'passthrough'), ('pca', 'passthrough')],
         verbose=False)
2022-01-24 04:27:43,987:INFO:setup() succesfully completed......................................
2022-01-24 04:27:46,690:INFO:PyCaret Supervised Module
2022-01-24 04:27:46,690:INFO:ML Usecase: anomaly
2022-01-24 04:27:46,690:INFO:version 2.3.6
2022-01-24 04:27:46,690:INFO:Initializing setup()
2022-01-24 04:27:46,690:INFO:setup(target=None, ml_usecase=anomaly, available_plots={'tsne': 'Anomaly TSnE (3d)', 'umap': 'UMAP Dimensionality'}, train_size=0.7, test_data=None, preprocess=True, imputation_type=simple, iterative_imputation_iters=5, categorical_features=None, categorical_imputation=mode, categorical_iterative_imputer=lightgbm, ordinal_features=None, high_cardinality_features=None, high_cardinality_method=frequency, numeric_features=None, numeric_imputation=mean, numeric_iterative_imputer=lightgbm, date_features=None, ignore_features=None, normalize=False, normalize_method=zscore, transformation=False, transformation_method=yeo-johnson, handle_unknown_categorical=True, unknown_categorical_method=least_frequent, pca=False, pca_method=linear, pca_components=None, ignore_low_variance=False, combine_rare_levels=False, rare_level_threshold=0.1, bin_numeric_features=None, remove_outliers=False, outliers_threshold=0.05, remove_multicollinearity=False, multicollinearity_threshold=0.9, remove_perfect_collinearity=False, create_clusters=False, cluster_iter=20, polynomial_features=False, polynomial_degree=2, trigonometry_features=False, polynomial_threshold=0.1, group_features=None, group_names=None, feature_selection=False, feature_selection_threshold=0.8, feature_selection_method=classic, feature_interaction=False, feature_ratio=False, interaction_threshold=0.01, fix_imbalance=False, fix_imbalance_method=None, transform_target=False, transform_target_method=box-cox, data_split_shuffle=False, data_split_stratify=False, fold_strategy=kfold, fold=10, fold_shuffle=False, fold_groups=None, n_jobs=-1, use_gpu=False, custom_pipeline=None, html=True, session_id=123, log_experiment=False, experiment_name=None, log_plots=False, log_profile=False, log_data=False, silent=False, verbose=True, profile=False, profile_kwargs=None, display=None)
2022-01-24 04:27:46,691:INFO:Checking environment
2022-01-24 04:27:46,691:INFO:python_version: 3.7.9
2022-01-24 04:27:46,691:INFO:python_build: ('default', 'Nov 17 2021 03:51:47')
2022-01-24 04:27:46,691:INFO:machine: x86_64
2022-01-24 04:27:46,691:INFO:platform: Linux-5.11.0-1027-aws-x86_64-with-debian-bullseye-sid
2022-01-24 04:27:46,691:WARNING:cannot find psutil installation. memory not traceable. Install psutil using pip to enable memory logging.
2022-01-24 04:27:46,691:INFO:Checking libraries
2022-01-24 04:27:46,692:INFO:pd==1.2.5
2022-01-24 04:27:46,692:INFO:numpy==1.20.3
2022-01-24 04:27:46,692:INFO:sklearn==0.23.2
2022-01-24 04:27:46,692:INFO:lightgbm==3.3.2
2022-01-24 04:27:46,693:WARNING:catboost not found
2022-01-24 04:27:46,693:WARNING:xgboost not found
2022-01-24 04:27:46,693:INFO:mlflow==1.23.0
2022-01-24 04:27:46,693:INFO:Checking Exceptions
2022-01-24 04:27:46,693:INFO:Declaring global variables
2022-01-24 04:27:46,694:INFO:USI: 5755
2022-01-24 04:27:46,694:INFO:pycaret_globals: {'transform_target_param', '_internal_pipeline', 'stratify_param', 'log_plots_param', 'prep_pipe', 'fix_imbalance_method_param', '_all_models_internal', 'seed', 'gpu_param', 'master_model_container', 'imputation_regressor', 'create_model_container', 'USI', 'transform_target_method_param', 'fold_groups_param', 'X', 'logging_param', 'imputation_classifier', 'fold_shuffle_param', 'n_jobs_param', '_all_metrics', 'experiment__', 'iterative_imputation_iters_param', 'data_before_preprocess', '_available_plots', 'exp_name_log', 'pycaret_globals', 'fold_param', 'fix_imbalance_param', 'fold_groups_param_full', 'target_param', '_all_models', '_ml_usecase', '_gpu_n_jobs_param', 'html_param', 'display_container', 'fold_generator'}
2022-01-24 04:27:46,694:INFO:Preparing display monitor
2022-01-24 04:27:46,695:INFO:Preparing display monitor
2022-01-24 04:27:46,711:INFO:Importing libraries
2022-01-24 04:27:46,711:INFO:Copying data for preprocessing
2022-01-24 04:27:46,722:INFO:Declaring preprocessing parameters
2022-01-24 04:27:46,726:INFO:Creating preprocessing pipeline
2022-01-24 04:27:46,738:INFO:Preprocessing pipeline created successfully
2022-01-24 04:27:46,738:ERROR:(Process Exit): setup has been interupted with user command 'quit'. setup must rerun.
2022-01-24 04:27:46,738:INFO:Creating global containers
2022-01-24 04:27:46,739:INFO:Internal pipeline: Pipeline(memory=None, steps=[('empty_step', 'passthrough')], verbose=False)
2022-01-24 04:27:57,850:INFO:Creating grid variables
2022-01-24 04:27:57,865:INFO:create_model_container: 0
2022-01-24 04:27:57,866:INFO:master_model_container: 0
2022-01-24 04:27:57,866:INFO:display_container: 1
2022-01-24 04:27:57,872:INFO:Pipeline(memory=None,
         steps=[('dtypes',
                 DataTypes_Auto_infer(categorical_features=[],
                                      display_types=True, features_todrop=[],
                                      id_columns=[], ml_usecase='regression',
                                      numerical_features=[],
                                      target='UNSUPERVISED_DUMMY_TARGET',
                                      time_features=[])),
                ('imputer',
                 Simple_Imputer(categorical_strategy='most frequent',
                                fill_value_categorical=None,
                                fill_value_numerical=None...
                ('scaling', 'passthrough'), ('P_transform', 'passthrough'),
                ('binn', 'passthrough'), ('rem_outliers', 'passthrough'),
                ('cluster_all', 'passthrough'),
                ('dummy', Dummify(target='UNSUPERVISED_DUMMY_TARGET')),
                ('fix_perfect', 'passthrough'),
                ('clean_names', Clean_Colum_Names()),
                ('feature_select', 'passthrough'), ('fix_multi', 'passthrough'),
                ('dfs', 'passthrough'), ('pca', 'passthrough')],
         verbose=False)
2022-01-24 04:27:57,872:INFO:setup() succesfully completed......................................
2022-01-24 04:28:00,083:INFO:Initializing create_model()
2022-01-24 04:28:00,083:INFO:create_model(estimator=iforest, num_clusters=4, fraction=0.1, ground_truth=None, round=4, fit_kwargs=None, verbose=True, system=True, add_to_model_list=True, raise_num_clusters=False, display=None, kwargs={})
2022-01-24 04:28:00,083:INFO:Checking exceptions
2022-01-24 04:28:00,083:INFO:Preparing display monitor
2022-01-24 04:28:00,101:INFO:Importing libraries
2022-01-24 04:28:00,111:INFO:Importing untrained model
2022-01-24 04:28:00,120:INFO:Isolation Forest Imported succesfully
2022-01-24 04:28:00,131:INFO:Fitting Model
2022-01-24 04:28:00,818:INFO:IForest(behaviour='new', bootstrap=False, contamination=0.1, max_features=1.0,
    max_samples='auto', n_estimators=100, n_jobs=-1, random_state=123,
    verbose=0)
2022-01-24 04:28:00,818:INFO:create_models() succesfully completed......................................
2022-01-24 04:28:00,819:INFO:Uploading results into container
2022-01-24 04:28:00,820:INFO:Uploading model into container now
2022-01-24 04:28:00,820:INFO:create_model_container: 1
2022-01-24 04:28:00,821:INFO:master_model_container: 1
2022-01-24 04:28:00,821:INFO:display_container: 2
2022-01-24 04:28:00,821:INFO:IForest(behaviour='new', bootstrap=False, contamination=0.1, max_features=1.0,
    max_samples='auto', n_estimators=100, n_jobs=-1, random_state=123,
    verbose=0)
2022-01-24 04:28:00,821:INFO:create_model() succesfully completed......................................
2022-01-24 04:28:00,919:INFO:Initializing assign_model()
2022-01-24 04:28:00,919:INFO:assign_model(model=IForest(behaviour='new', bootstrap=False, contamination=0.1, max_features=1.0,
    max_samples='auto', n_estimators=100, n_jobs=-1, random_state=123,
    verbose=0), transformation=False, score=True, verbose=True)
2022-01-24 04:28:00,919:INFO:Checking exceptions
2022-01-24 04:28:00,919:INFO:Determining Trained Model
2022-01-24 04:28:00,919:INFO:Trained Model : Isolation Forest
2022-01-24 04:28:00,919:INFO:Copying data
2022-01-24 04:28:00,921:INFO:(5160, 9)
2022-01-24 04:28:00,921:INFO:assign_model() succesfully completed......................................
2022-01-24 04:31:47,779:INFO:PyCaret Supervised Module
2022-01-24 04:31:47,780:INFO:ML Usecase: anomaly
2022-01-24 04:31:47,780:INFO:version 2.3.6
2022-01-24 04:31:47,780:INFO:Initializing setup()
2022-01-24 04:31:47,780:INFO:setup(target=None, ml_usecase=anomaly, available_plots={'tsne': 'Anomaly TSnE (3d)', 'umap': 'UMAP Dimensionality'}, train_size=0.7, test_data=None, preprocess=True, imputation_type=simple, iterative_imputation_iters=5, categorical_features=None, categorical_imputation=mode, categorical_iterative_imputer=lightgbm, ordinal_features=None, high_cardinality_features=None, high_cardinality_method=frequency, numeric_features=None, numeric_imputation=mean, numeric_iterative_imputer=lightgbm, date_features=None, ignore_features=None, normalize=False, normalize_method=zscore, transformation=False, transformation_method=yeo-johnson, handle_unknown_categorical=True, unknown_categorical_method=least_frequent, pca=False, pca_method=linear, pca_components=None, ignore_low_variance=False, combine_rare_levels=False, rare_level_threshold=0.1, bin_numeric_features=None, remove_outliers=False, outliers_threshold=0.05, remove_multicollinearity=False, multicollinearity_threshold=0.9, remove_perfect_collinearity=False, create_clusters=False, cluster_iter=20, polynomial_features=False, polynomial_degree=2, trigonometry_features=False, polynomial_threshold=0.1, group_features=None, group_names=None, feature_selection=False, feature_selection_threshold=0.8, feature_selection_method=classic, feature_interaction=False, feature_ratio=False, interaction_threshold=0.01, fix_imbalance=False, fix_imbalance_method=None, transform_target=False, transform_target_method=box-cox, data_split_shuffle=False, data_split_stratify=False, fold_strategy=kfold, fold=10, fold_shuffle=False, fold_groups=None, n_jobs=-1, use_gpu=False, custom_pipeline=None, html=True, session_id=123, log_experiment=False, experiment_name=None, log_plots=False, log_profile=False, log_data=False, silent=False, verbose=True, profile=False, profile_kwargs=None, display=None)
2022-01-24 04:31:47,780:INFO:Checking environment
2022-01-24 04:31:47,780:INFO:python_version: 3.7.9
2022-01-24 04:31:47,780:INFO:python_build: ('default', 'Nov 17 2021 03:51:47')
2022-01-24 04:31:47,780:INFO:machine: x86_64
2022-01-24 04:31:47,781:INFO:platform: Linux-5.11.0-1027-aws-x86_64-with-debian-bullseye-sid
2022-01-24 04:31:47,781:WARNING:cannot find psutil installation. memory not traceable. Install psutil using pip to enable memory logging.
2022-01-24 04:31:47,781:INFO:Checking libraries
2022-01-24 04:31:47,781:INFO:pd==1.2.5
2022-01-24 04:31:47,781:INFO:numpy==1.20.3
2022-01-24 04:31:47,781:INFO:sklearn==0.23.2
2022-01-24 04:31:47,781:INFO:lightgbm==3.3.2
2022-01-24 04:31:47,781:WARNING:catboost not found
2022-01-24 04:31:47,782:WARNING:xgboost not found
2022-01-24 04:31:47,782:INFO:mlflow==1.23.0
2022-01-24 04:31:47,782:INFO:Checking Exceptions
2022-01-24 04:31:47,782:INFO:Declaring global variables
2022-01-24 04:31:47,783:INFO:USI: 3277
2022-01-24 04:31:47,783:INFO:pycaret_globals: {'transform_target_param', '_internal_pipeline', 'stratify_param', 'log_plots_param', 'prep_pipe', 'fix_imbalance_method_param', '_all_models_internal', 'seed', 'gpu_param', 'master_model_container', 'imputation_regressor', 'create_model_container', 'USI', 'transform_target_method_param', 'fold_groups_param', 'X', 'logging_param', 'imputation_classifier', 'fold_shuffle_param', 'n_jobs_param', '_all_metrics', 'experiment__', 'iterative_imputation_iters_param', 'data_before_preprocess', '_available_plots', 'exp_name_log', 'pycaret_globals', 'fold_param', 'fix_imbalance_param', 'fold_groups_param_full', 'target_param', '_all_models', '_ml_usecase', '_gpu_n_jobs_param', 'html_param', 'display_container', 'fold_generator'}
2022-01-24 04:31:47,783:INFO:Preparing display monitor
2022-01-24 04:31:47,783:INFO:Preparing display monitor
2022-01-24 04:31:47,795:INFO:Importing libraries
2022-01-24 04:31:47,796:INFO:Copying data for preprocessing
2022-01-24 04:31:47,804:INFO:Declaring preprocessing parameters
2022-01-24 04:31:47,807:INFO:Creating preprocessing pipeline
2022-01-24 04:31:47,817:INFO:Preprocessing pipeline created successfully
2022-01-24 04:31:47,817:ERROR:(Process Exit): setup has been interupted with user command 'quit'. setup must rerun.
2022-01-24 04:31:47,817:INFO:Creating global containers
2022-01-24 04:31:47,818:INFO:Internal pipeline: Pipeline(memory=None, steps=[('empty_step', 'passthrough')], verbose=False)
2022-01-24 04:31:51,659:INFO:Creating grid variables
2022-01-24 04:31:51,675:INFO:create_model_container: 0
2022-01-24 04:31:51,676:INFO:master_model_container: 0
2022-01-24 04:31:51,676:INFO:display_container: 1
2022-01-24 04:31:51,681:INFO:Pipeline(memory=None,
         steps=[('dtypes',
                 DataTypes_Auto_infer(categorical_features=[],
                                      display_types=True, features_todrop=[],
                                      id_columns=[], ml_usecase='regression',
                                      numerical_features=[],
                                      target='UNSUPERVISED_DUMMY_TARGET',
                                      time_features=[])),
                ('imputer',
                 Simple_Imputer(categorical_strategy='most frequent',
                                fill_value_categorical=None,
                                fill_value_numerical=None...
                ('scaling', 'passthrough'), ('P_transform', 'passthrough'),
                ('binn', 'passthrough'), ('rem_outliers', 'passthrough'),
                ('cluster_all', 'passthrough'),
                ('dummy', Dummify(target='UNSUPERVISED_DUMMY_TARGET')),
                ('fix_perfect', 'passthrough'),
                ('clean_names', Clean_Colum_Names()),
                ('feature_select', 'passthrough'), ('fix_multi', 'passthrough'),
                ('dfs', 'passthrough'), ('pca', 'passthrough')],
         verbose=False)
2022-01-24 04:31:51,681:INFO:setup() succesfully completed......................................
2022-01-24 04:31:56,791:INFO:Initializing create_model()
2022-01-24 04:31:56,792:INFO:create_model(estimator=iforest, num_clusters=4, fraction=0.1, ground_truth=None, round=4, fit_kwargs=None, verbose=True, system=True, add_to_model_list=True, raise_num_clusters=False, display=None, kwargs={})
2022-01-24 04:31:56,792:INFO:Checking exceptions
2022-01-24 04:31:56,792:INFO:Preparing display monitor
2022-01-24 04:31:56,805:INFO:Importing libraries
2022-01-24 04:31:56,813:INFO:Importing untrained model
2022-01-24 04:31:56,821:INFO:Isolation Forest Imported succesfully
2022-01-24 04:31:56,830:INFO:Fitting Model
2022-01-24 04:31:57,268:INFO:IForest(behaviour='new', bootstrap=False, contamination=0.1, max_features=1.0,
    max_samples='auto', n_estimators=100, n_jobs=-1, random_state=123,
    verbose=0)
2022-01-24 04:31:57,268:INFO:create_models() succesfully completed......................................
2022-01-24 04:31:57,269:INFO:Uploading results into container
2022-01-24 04:31:57,270:INFO:Uploading model into container now
2022-01-24 04:31:57,270:INFO:create_model_container: 1
2022-01-24 04:31:57,271:INFO:master_model_container: 1
2022-01-24 04:31:57,271:INFO:display_container: 2
2022-01-24 04:31:57,271:INFO:IForest(behaviour='new', bootstrap=False, contamination=0.1, max_features=1.0,
    max_samples='auto', n_estimators=100, n_jobs=-1, random_state=123,
    verbose=0)
2022-01-24 04:31:57,271:INFO:create_model() succesfully completed......................................
2022-01-24 04:31:57,374:INFO:Initializing assign_model()
2022-01-24 04:31:57,374:INFO:assign_model(model=IForest(behaviour='new', bootstrap=False, contamination=0.1, max_features=1.0,
    max_samples='auto', n_estimators=100, n_jobs=-1, random_state=123,
    verbose=0), transformation=False, score=True, verbose=True)
2022-01-24 04:31:57,374:INFO:Checking exceptions
2022-01-24 04:31:57,374:INFO:Determining Trained Model
2022-01-24 04:31:57,375:INFO:Trained Model : Isolation Forest
2022-01-24 04:31:57,375:INFO:Copying data
2022-01-24 04:31:57,376:INFO:(215, 9)
2022-01-24 04:31:57,376:INFO:assign_model() succesfully completed......................................
